# JRE version: Java(TM) SE Runtime Environment (8.0_301-b09) (build 1.8.0_301-b09)
# Java VM: Java HotSpot(TM) 64-Bit Server VM (25.301-b09 mixed mode windows-amd64 compressed oops)
Heap:
 PSYoungGen      total 477184K, used 257767K [0x00000000d6100000, 0x00000000fd780000, 0x0000000100000000)
  eden space 318976K, 66% used [0x00000000d6100000,0x00000000e2fdbdb8,0x00000000e9880000)
  from space 158208K, 29% used [0x00000000f3d00000,0x00000000f69de038,0x00000000fd780000)
  to   space 163328K, 0% used [0x00000000e9880000,0x00000000e9880000,0x00000000f3800000)
 ParOldGen       total 701440K, used 592714K [0x0000000082200000, 0x00000000acf00000, 0x00000000d6100000)
  object space 701440K, 84% used [0x0000000082200000,0x00000000a64d28e8,0x00000000acf00000)
 Metaspace       used 91341K, capacity 102264K, committed 102528K, reserved 1136640K
  class space    used 13218K, capacity 15994K, committed 16000K, reserved 1048576K
GC Heap History (10 events):
Event: 131.297 GC heap before
{Heap before GC invocations=164 (full 8):
 PSYoungGen      total 484864K, used 353513K [0x00000000d6100000, 0x00000000ffb00000, 0x0000000100000000)
  eden space 294400K, 100% used [0x00000000d6100000,0x00000000e8080000,0x00000000e8080000)
  from space 190464K, 31% used [0x00000000e8080000,0x00000000eba3a6e8,0x00000000f3a80000)
  to   space 186368K, 0% used [0x00000000f4500000,0x00000000f4500000,0x00000000ffb00000)
 ParOldGen       total 701440K, used 578502K [0x0000000082200000, 0x00000000acf00000, 0x00000000d6100000)
  object space 701440K, 82% used [0x0000000082200000,0x00000000a56f1bb0,0x00000000acf00000)
 Metaspace       used 91279K, capacity 102200K, committed 102272K, reserved 1136640K
  class space    used 13207K, capacity 15948K, committed 16000K, reserved 1048576K
Event: 131.313 GC heap after
Heap after GC invocations=164 (full 8):
 PSYoungGen      total 479232K, used 59996K [0x00000000d6100000, 0x00000000fee00000, 0x0000000100000000)
  eden space 306176K, 0% used [0x00000000d6100000,0x00000000d6100000,0x00000000e8c00000)
  from space 173056K, 34% used [0x00000000f4500000,0x00000000f7f97050,0x00000000fee00000)
  to   space 181248K, 0% used [0x00000000e8c00000,0x00000000e8c00000,0x00000000f3d00000)
 ParOldGen       total 701440K, used 578502K [0x0000000082200000, 0x00000000acf00000, 0x00000000d6100000)
  object space 701440K, 82% used [0x0000000082200000,0x00000000a56f1bb0,0x00000000acf00000)
 Metaspace       used 91279K, capacity 102200K, committed 102272K, reserved 1136640K
  class space    used 13207K, capacity 15948K, committed 16000K, reserved 1048576K
}
Event: 150.837 GC heap before
{Heap before GC invocations=165 (full 8):
 PSYoungGen      total 479232K, used 366172K [0x00000000d6100000, 0x00000000fee00000, 0x0000000100000000)
  eden space 306176K, 100% used [0x00000000d6100000,0x00000000e8c00000,0x00000000e8c00000)
  from space 173056K, 34% used [0x00000000f4500000,0x00000000f7f97050,0x00000000fee00000)
  to   space 181248K, 0% used [0x00000000e8c00000,0x00000000e8c00000,0x00000000f3d00000)
 ParOldGen       total 701440K, used 578504K [0x0000000082200000, 0x00000000acf00000, 0x00000000d6100000)
  object space 701440K, 82% used [0x0000000082200000,0x00000000a56f2300,0x00000000acf00000)
 Metaspace       used 91291K, capacity 102232K, committed 102272K, reserved 1136640K
  class space    used 13208K, capacity 15980K, committed 16000K, reserved 1048576K
Event: 150.852 GC heap after
Heap after GC invocations=165 (full 8):
 PSYoungGen      total 487424K, used 59209K [0x00000000d6100000, 0x00000000fed80000, 0x0000000100000000)
  eden space 306176K, 0% used [0x00000000d6100000,0x00000000d6100000,0x00000000e8c00000)
  from space 181248K, 32% used [0x00000000e8c00000,0x00000000ec5d26b8,0x00000000f3d00000)
  to   space 176128K, 0% used [0x00000000f4180000,0x00000000f4180000,0x00000000fed80000)
 ParOldGen       total 701440K, used 578504K [0x0000000082200000, 0x00000000acf00000, 0x00000000d6100000)
  object space 701440K, 82% used [0x0000000082200000,0x00000000a56f2300,0x00000000acf00000)
 Metaspace       used 91291K, capacity 102232K, committed 102272K, reserved 1136640K
  class space    used 13208K, capacity 15980K, committed 16000K, reserved 1048576K
}
Event: 170.399 GC heap before
{Heap before GC invocations=166 (full 8):
 PSYoungGen      total 487424K, used 365385K [0x00000000d6100000, 0x00000000fed80000, 0x0000000100000000)
  eden space 306176K, 100% used [0x00000000d6100000,0x00000000e8c00000,0x00000000e8c00000)
  from space 181248K, 32% used [0x00000000e8c00000,0x00000000ec5d26b8,0x00000000f3d00000)
  to   space 176128K, 0% used [0x00000000f4180000,0x00000000f4180000,0x00000000fed80000)
 ParOldGen       total 701440K, used 578504K [0x0000000082200000, 0x00000000acf00000, 0x00000000d6100000)
  object space 701440K, 82% used [0x0000000082200000,0x00000000a56f2338,0x00000000acf00000)
 Metaspace       used 91292K, capacity 102232K, committed 102272K, reserved 1136640K
  class space    used 13208K, capacity 15980K, committed 16000K, reserved 1048576K
Event: 170.413 GC heap after
Heap after GC invocations=166 (full 8):
 PSYoungGen      total 477696K, used 59129K [0x00000000d6100000, 0x00000000fe180000, 0x0000000100000000)
  eden space 313856K, 0% used [0x00000000d6100000,0x00000000d6100000,0x00000000e9380000)
  from space 163840K, 36% used [0x00000000f4180000,0x00000000f7b3e6d0,0x00000000fe180000)
  to   space 171008K, 0% used [0x00000000e9380000,0x00000000e9380000,0x00000000f3a80000)
 ParOldGen       total 701440K, used 578512K [0x0000000082200000, 0x00000000acf00000, 0x00000000d6100000)
  object space 701440K, 82% used [0x0000000082200000,0x00000000a56f4338,0x00000000acf00000)
 Metaspace       used 91292K, capacity 102232K, committed 102272K, reserved 1136640K
  class space    used 13208K, capacity 15980K, committed 16000K, reserved 1048576K
}
Event: 190.588 GC heap before
{Heap before GC invocations=167 (full 8):
 PSYoungGen      total 477696K, used 372985K [0x00000000d6100000, 0x00000000fe180000, 0x0000000100000000)
  eden space 313856K, 100% used [0x00000000d6100000,0x00000000e9380000,0x00000000e9380000)
  from space 163840K, 36% used [0x00000000f4180000,0x00000000f7b3e6d0,0x00000000fe180000)
  to   space 171008K, 0% used [0x00000000e9380000,0x00000000e9380000,0x00000000f3a80000)
 ParOldGen       total 701440K, used 578516K [0x0000000082200000, 0x00000000acf00000, 0x00000000d6100000)
  object space 701440K, 82% used [0x0000000082200000,0x00000000a56f5100,0x00000000acf00000)
 Metaspace       used 91295K, capacity 102232K, committed 102272K, reserved 1136640K
  class space    used 13209K, capacity 15980K, committed 16000K, reserved 1048576K
Event: 190.602 GC heap after
Heap after GC invocations=167 (full 8):
 PSYoungGen      total 484864K, used 52520K [0x00000000d6100000, 0x00000000fe000000, 0x0000000100000000)
  eden space 313856K, 0% used [0x00000000d6100000,0x00000000d6100000,0x00000000e9380000)
  from space 171008K, 30% used [0x00000000e9380000,0x00000000ec6ca388,0x00000000f3a80000)
  to   space 166912K, 0% used [0x00000000f3d00000,0x00000000f3d00000,0x00000000fe000000)
 ParOldGen       total 701440K, used 585706K [0x0000000082200000, 0x00000000acf00000, 0x00000000d6100000)
  object space 701440K, 83% used [0x0000000082200000,0x00000000a5dfa868,0x00000000acf00000)
 Metaspace       used 91295K, capacity 102232K, committed 102272K, reserved 1136640K
  class space    used 13209K, capacity 15980K, committed 16000K, reserved 1048576K
}
Event: 210.874 GC heap before
{Heap before GC invocations=168 (full 8):
 PSYoungGen      total 484864K, used 366376K [0x00000000d6100000, 0x00000000fe000000, 0x0000000100000000)
  eden space 313856K, 100% used [0x00000000d6100000,0x00000000e9380000,0x00000000e9380000)
  from space 171008K, 30% used [0x00000000e9380000,0x00000000ec6ca388,0x00000000f3a80000)
  to   space 166912K, 0% used [0x00000000f3d00000,0x00000000f3d00000,0x00000000fe000000)
 ParOldGen       total 701440K, used 585706K [0x0000000082200000, 0x00000000acf00000, 0x00000000d6100000)
  object space 701440K, 83% used [0x0000000082200000,0x00000000a5dfa8a0,0x00000000acf00000)
 Metaspace       used 91298K, capacity 102232K, committed 102272K, reserved 1136640K
  class space    used 13209K, capacity 15980K, committed 16000K, reserved 1048576K
Event: 210.889 GC heap after
Heap after GC invocations=168 (full 8):
 PSYoungGen      total 477184K, used 45944K [0x00000000d6100000, 0x00000000fd780000, 0x0000000100000000)
  eden space 318976K, 0% used [0x00000000d6100000,0x00000000d6100000,0x00000000e9880000)
  from space 158208K, 29% used [0x00000000f3d00000,0x00000000f69de038,0x00000000fd780000)
  to   space 163328K, 0% used [0x00000000e9880000,0x00000000e9880000,0x00000000f3800000)
 ParOldGen       total 701440K, used 592714K [0x0000000082200000, 0x00000000acf00000, 0x00000000d6100000)
  object space 701440K, 84% used [0x0000000082200000,0x00000000a64d28e8,0x00000000acf00000)
 Metaspace       used 91298K, capacity 102232K, committed 102272K, reserved 1136640K
  class space    used 13209K, capacity 15980K, committed 16000K, reserved 1048576K
}

